<?xml version="1.0" encoding="UTF-8" ?>
<testsuite errors="0" failures="0" hostname="Niuyl-PC-ubuntu" name="insertTest" skipped="0" tests="9" time="0.084" timestamp="2016-08-04T14:20:40">
  <properties>
    <property name="ant.project.invoked-targets" value="run_test" />
    <property name="java.runtime.name" value="Java(TM) SE Runtime Environment" />
    <property name="sun.boot.library.path" value="/usr/local/jdk1.8.0_45/jre/lib/amd64" />
    <property name="java.vm.version" value="25.45-b02" />
    <property name="ant.library.dir" value="/usr/share/ant/lib" />
    <property name="ant.version" value="Apache Ant(TM) version 1.9.3 compiled on April 8 2014" />
    <property name="ant.java.version" value="1.8" />
    <property name="java.vm.vendor" value="Oracle Corporation" />
    <property name="java.vendor.url" value="http://java.oracle.com/" />
    <property name="path.separator" value=":" />
    <property name="java.vm.name" value="Java HotSpot(TM) 64-Bit Server VM" />
    <property name="file.encoding.pkg" value="sun.io" />
    <property name="user.country" value="CN" />
    <property name="sun.java.launcher" value="SUN_STANDARD" />
    <property name="sun.os.patch.level" value="unknown" />
    <property name="java.vm.specification.name" value="Java Virtual Machine Specification" />
    <property name="user.dir" value="/home/niuyl/railgun/fromGit/railgun/hw/total/white_box/BST_insert/code/java/coverage" />
    <property name="java.runtime.version" value="1.8.0_45-b14" />
    <property name="java.awt.graphicsenv" value="sun.awt.X11GraphicsEnvironment" />
    <property name="basedir" value="/home/niuyl/railgun/fromGit/railgun/hw/total/white_box/BST_insert/code/java/coverage" />
    <property name="java.endorsed.dirs" value="/usr/local/jdk1.8.0_45/jre/lib/endorsed" />
    <property name="os.arch" value="amd64" />
    <property name="ant.project.default-target" value="run_test" />
    <property name="java.io.tmpdir" value="/tmp" />
    <property name="ant.core.lib" value="/usr/share/ant/lib/ant.jar" />
    <property name="line.separator" value="&#xa;" />
    <property name="java.vm.specification.vendor" value="Oracle Corporation" />
    <property name="os.name" value="Linux" />
    <property name="ant.home" value="/usr/share/ant" />
    <property name="ant.file.type.JacocoAntExample" value="file" />
    <property name="log4j.configuration" value="log4j.properties" />
    <property name="ant.project.name" value="JacocoAntExample" />
    <property name="sun.jnu.encoding" value="UTF-8" />
    <property name="_jacoco.agentFile" value="/tmp/jacocoagent2387538820323864019.jar" />
    <property name="java.library.path" value="/usr/java/packages/lib/amd64:/usr/lib64:/lib64:/lib:/usr/lib" />
    <property name="ant.file.JacocoAntExample" value="/home/niuyl/railgun/fromGit/railgun/hw/total/white_box/BST_insert/code/java/coverage/build.xml" />
    <property name="java.specification.name" value="Java Platform API Specification" />
    <property name="java.class.version" value="52.0" />
    <property name="sun.management.compiler" value="HotSpot 64-Bit Tiered Compilers" />
    <property name="os.version" value="3.13.0-24-generic" />
    <property name="ant.file" value="/home/niuyl/railgun/fromGit/railgun/hw/total/white_box/BST_insert/code/java/coverage/build.xml" />
    <property name="user.home" value="/home/niuyl" />
    <property name="user.timezone" value="Asia/Shanghai" />
    <property name="java.awt.printerjob" value="sun.print.PSPrinterJob" />
    <property name="file.encoding" value="UTF-8" />
    <property name="java.specification.version" value="1.8" />
    <property name="java.class.path" value="/home/niuyl/railgun/fromGit/railgun/hw/total/white_box/BST_insert/code/java/coverage/classes:/home/niuyl/railgun/fromGit/railgun/hw/total/white_box/BST_insert/code/java/coverage/lib/hamcrest-core.jar:/home/niuyl/railgun/fromGit/railgun/hw/total/white_box/BST_insert/code/java/coverage/lib/jacocoant.jar:/home/niuyl/railgun/fromGit/railgun/hw/total/white_box/BST_insert/code/java/coverage/lib/junit.jar:/home/niuyl/railgun/fromGit/railgun/hw/total/white_box/BST_insert/code/java/coverage:/usr/local/jdk1.8.0_45/lib:/usr/local/jdk1.8.0_45/jre/lib:/usr/share/java/junit.jar:/usr/share/java/checkstyle-7.0-all.jar:/usr/share/java/ant-launcher-1.9.3.jar:/usr/share/ant/lib/ant.jar:/usr/share/ant/lib/ant-junit.jar:/usr/share/ant/lib/ant-junit4.jar:/tmp/jacocoagent2387538820323864019.jar" />
    <property name="user.name" value="niuyl" />
    <property name="java.vm.specification.version" value="1.8" />
    <property name="sun.arch.data.model" value="64" />
    <property name="sun.java.command" value="org.apache.tools.ant.taskdefs.optional.junit.JUnitTestRunner insertTest skipNonTests=false filtertrace=true haltOnError=false haltOnFailure=false formatter=org.apache.tools.ant.taskdefs.optional.junit.SummaryJUnitResultFormatter showoutput=false outputtoformatters=true logfailedtests=true logtestlistenerevents=false formatter=org.apache.tools.ant.taskdefs.optional.junit.XMLJUnitResultFormatter,/home/niuyl/railgun/fromGit/railgun/hw/total/white_box/BST_insert/code/java/coverage/report/data/junit/TEST-insertTest.xml crashfile=/home/niuyl/railgun/fromGit/railgun/hw/total/white_box/BST_insert/code/java/coverage/junitvmwatcher3043717157015839773.properties propsfile=/home/niuyl/railgun/fromGit/railgun/hw/total/white_box/BST_insert/code/java/coverage/junit4204888354497164925.properties" />
    <property name="java.home" value="/usr/local/jdk1.8.0_45/jre" />
    <property name="java.specification.vendor" value="Oracle Corporation" />
    <property name="user.language" value="zh" />
    <property name="awt.toolkit" value="sun.awt.X11.XToolkit" />
    <property name="java.vm.info" value="mixed mode" />
    <property name="java.version" value="1.8.0_45" />
    <property name="java.ext.dirs" value="/usr/local/jdk1.8.0_45/jre/lib/ext:/usr/java/packages/lib/ext" />
    <property name="sun.boot.class.path" value="/usr/local/jdk1.8.0_45/jre/lib/resources.jar:/usr/local/jdk1.8.0_45/jre/lib/rt.jar:/usr/local/jdk1.8.0_45/jre/lib/sunrsasign.jar:/usr/local/jdk1.8.0_45/jre/lib/jsse.jar:/usr/local/jdk1.8.0_45/jre/lib/jce.jar:/usr/local/jdk1.8.0_45/jre/lib/charsets.jar:/usr/local/jdk1.8.0_45/jre/lib/jfr.jar:/usr/local/jdk1.8.0_45/jre/classes" />
    <property name="java.vendor" value="Oracle Corporation" />
    <property name="file.separator" value="/" />
    <property name="java.vendor.url.bug" value="http://bugreport.sun.com/bugreport/" />
    <property name="sun.cpu.endian" value="little" />
    <property name="sun.io.unicode.encoding" value="UnicodeLittle" />
    <property name="ant.file.type" value="file" />
    <property name="sun.desktop" value="gnome" />
    <property name="sun.cpu.isalist" value="" />
  </properties>
  <testcase classname="insertTest" name="test1" time="0.002" />
  <testcase classname="insertTest" name="test2" time="0.0" />
  <testcase classname="insertTest" name="test3" time="0.0" />
  <testcase classname="insertTest" name="test4" time="0.0" />
  <testcase classname="insertTest" name="test5" time="0.0" />
  <testcase classname="insertTest" name="test6" time="0.0" />
  <testcase classname="insertTest" name="test7" time="0.0" />
  <testcase classname="insertTest" name="test8" time="0.0" />
  <testcase classname="insertTest" name="test9" time="0.0" />
  <system-out><![CDATA[]]></system-out>
  <system-err><![CDATA[]]></system-err>
</testsuite>
