<?xml version="1.0" encoding="UTF-8" ?>
<testsuite errors="0" failures="0" hostname="railgun" name="minmaxTest" skipped="0" tests="6" time="0.21" timestamp="2016-08-15T13:43:43">
  <properties>
    <property name="ant.project.invoked-targets" value="run_test" />
    <property name="java.runtime.name" value="Java(TM) SE Runtime Environment" />
    <property name="sun.boot.library.path" value="/usr/lib/jvm/java-8-oracle/jre/lib/amd64" />
    <property name="java.vm.version" value="25.101-b13" />
    <property name="ant.library.dir" value="/usr/share/ant/lib" />
    <property name="ant.version" value="Apache Ant(TM) version 1.9.6 compiled on July 8 2015" />
    <property name="ant.java.version" value="1.8" />
    <property name="java.vm.vendor" value="Oracle Corporation" />
    <property name="java.vendor.url" value="http://java.oracle.com/" />
    <property name="path.separator" value=":" />
    <property name="java.vm.name" value="Java HotSpot(TM) 64-Bit Server VM" />
    <property name="file.encoding.pkg" value="sun.io" />
    <property name="user.country" value="US" />
    <property name="sun.java.launcher" value="SUN_STANDARD" />
    <property name="sun.os.patch.level" value="unknown" />
    <property name="java.vm.specification.name" value="Java Virtual Machine Specification" />
    <property name="user.dir" value="/home/railgun/railgun/hw/total/xunit/xunit/code/java/coverage" />
    <property name="java.runtime.version" value="1.8.0_101-b13" />
    <property name="java.awt.graphicsenv" value="sun.awt.X11GraphicsEnvironment" />
    <property name="basedir" value="/home/railgun/railgun/hw/total/xunit/xunit/code/java/coverage" />
    <property name="java.endorsed.dirs" value="/usr/lib/jvm/java-8-oracle/jre/lib/endorsed" />
    <property name="os.arch" value="amd64" />
    <property name="ant.project.default-target" value="run_test" />
    <property name="java.io.tmpdir" value="/tmp" />
    <property name="ant.core.lib" value="/usr/share/ant/lib/ant.jar" />
    <property name="line.separator" value="&#xa;" />
    <property name="java.vm.specification.vendor" value="Oracle Corporation" />
    <property name="os.name" value="Linux" />
    <property name="ant.home" value="/usr/share/ant" />
    <property name="ant.file.type.JacocoAntExample" value="file" />
    <property name="log4j.configuration" value="log4j.properties" />
    <property name="ant.project.name" value="JacocoAntExample" />
    <property name="sun.jnu.encoding" value="UTF-8" />
    <property name="_jacoco.agentFile" value="/tmp/jacocoagent6352526834354439199.jar" />
    <property name="java.library.path" value="/usr/java/packages/lib/amd64:/usr/lib64:/lib64:/lib:/usr/lib" />
    <property name="ant.file.JacocoAntExample" value="/home/railgun/railgun/hw/total/xunit/xunit/code/java/coverage/build.xml" />
    <property name="java.class.version" value="52.0" />
    <property name="java.specification.name" value="Java Platform API Specification" />
    <property name="sun.management.compiler" value="HotSpot 64-Bit Tiered Compilers" />
    <property name="os.version" value="4.4.0-34-generic" />
    <property name="ant.file" value="/home/railgun/railgun/hw/total/xunit/xunit/code/java/coverage/build.xml" />
    <property name="user.home" value="/home/railgun" />
    <property name="user.timezone" value="" />
    <property name="java.awt.printerjob" value="sun.print.PSPrinterJob" />
    <property name="java.specification.version" value="1.8" />
    <property name="file.encoding" value="UTF-8" />
    <property name="java.class.path" value="/home/railgun/railgun/hw/total/xunit/xunit/code/java/coverage/classes:/home/railgun/railgun/hw/total/xunit/xunit/code/java/coverage/lib/hamcrest-core.jar:/home/railgun/railgun/hw/total/xunit/xunit/code/java/coverage/lib/jacocoant.jar:/home/railgun/railgun/hw/total/xunit/xunit/code/java/coverage/lib/junit.jar:/usr/share/ant/lib/junit.jar:/usr/share/java/ant-launcher-1.9.6.jar:/usr/share/ant/lib/ant.jar:/usr/share/ant/lib/ant-junit.jar:/usr/share/ant/lib/ant-junit4.jar:/tmp/jacocoagent6352526834354439199.jar" />
    <property name="user.name" value="railgun" />
    <property name="java.vm.specification.version" value="1.8" />
    <property name="java.home" value="/usr/lib/jvm/java-8-oracle/jre" />
    <property name="sun.arch.data.model" value="64" />
    <property name="sun.java.command" value="org.apache.tools.ant.taskdefs.optional.junit.JUnitTestRunner minmaxTest skipNonTests=false filtertrace=true haltOnError=false haltOnFailure=false formatter=org.apache.tools.ant.taskdefs.optional.junit.SummaryJUnitResultFormatter showoutput=false outputtoformatters=true logfailedtests=true threadid=0 logtestlistenerevents=false formatter=org.apache.tools.ant.taskdefs.optional.junit.XMLJUnitResultFormatter,/home/railgun/railgun/hw/total/xunit/xunit/code/java/coverage/report/data/junit/TEST-minmaxTest.xml crashfile=/home/railgun/railgun/hw/total/xunit/xunit/code/java/coverage/junitvmwatcher5823455443007069750.properties propsfile=/home/railgun/railgun/hw/total/xunit/xunit/code/java/coverage/junit2640863291215141109.properties" />
    <property name="java.specification.vendor" value="Oracle Corporation" />
    <property name="user.language" value="en" />
    <property name="awt.toolkit" value="sun.awt.X11.XToolkit" />
    <property name="java.vm.info" value="mixed mode" />
    <property name="java.version" value="1.8.0_101" />
    <property name="java.ext.dirs" value="/usr/lib/jvm/java-8-oracle/jre/lib/ext:/usr/java/packages/lib/ext" />
    <property name="sun.boot.class.path" value="/usr/lib/jvm/java-8-oracle/jre/lib/resources.jar:/usr/lib/jvm/java-8-oracle/jre/lib/rt.jar:/usr/lib/jvm/java-8-oracle/jre/lib/sunrsasign.jar:/usr/lib/jvm/java-8-oracle/jre/lib/jsse.jar:/usr/lib/jvm/java-8-oracle/jre/lib/jce.jar:/usr/lib/jvm/java-8-oracle/jre/lib/charsets.jar:/usr/lib/jvm/java-8-oracle/jre/lib/jfr.jar:/usr/lib/jvm/java-8-oracle/jre/classes" />
    <property name="java.vendor" value="Oracle Corporation" />
    <property name="file.separator" value="/" />
    <property name="java.vendor.url.bug" value="http://bugreport.sun.com/bugreport/" />
    <property name="sun.cpu.endian" value="little" />
    <property name="sun.io.unicode.encoding" value="UnicodeLittle" />
    <property name="ant.file.type" value="file" />
    <property name="sun.cpu.isalist" value="" />
  </properties>
  <testcase classname="minmaxTest" name="test_abc" time="0.003" />
  <testcase classname="minmaxTest" name="test_acb" time="0.001" />
  <testcase classname="minmaxTest" name="test_bac" time="0.0" />
  <testcase classname="minmaxTest" name="test_bca" time="0.0" />
  <testcase classname="minmaxTest" name="test_cab" time="0.0" />
  <testcase classname="minmaxTest" name="test_cba" time="0.0" />
  <system-out><![CDATA[]]></system-out>
  <system-err><![CDATA[]]></system-err>
</testsuite>
